1	481436
10	11527
100	244
1001	1
1002	2
1005	3
1006	2
1007	1
101	263
1010	1
1011	1
1012	1
1016	1
1017	1
102	260
1020	1
1024	3
1026	2
1028	2
1029	1
103	255
1030	1
1033	1
1034	1
104	247
1040	1
1041	1
1043	1
1044	1
1047	1
105	244
1051	1
1052	1
1053	1
1055	1
1056	1
1057	1
106	263
1062	1
1064	1
1067	1
1068	1
107	232
1070	1
1071	1
1073	1
1074	2
108	223
1082	2
1083	1
1084	1
1087	1
1088	2
109	221
1090	1
1092	1
1093	1
1094	1
1095	1
1096	1
1097	2
1098	1
1099	1
11	9679
110	225
1100	1
1102	3
1103	1
1105	1
1109	2
111	216
1111	1
1112	1
1114	3
1117	1
112	218
1122	1
1123	1
1124	1
1126	1
1127	2
1128	1
1129	1
113	211
1130	1
1131	1
1133	1
1136	2
1138	1
114	206
1144	1
1146	2
1147	1
1148	1
115	210
1150	2
1156	2
1157	1
116	180
1160	2
1161	1
1162	1
1163	1
1166	1
1167	2
1168	1
117	194
1170	1
1172	1
1175	2
1178	1
118	204
1180	2
1186	1
119	193
1194	1
1195	1
1197	2
1198	1
12	8285
120	195
1201	1
1204	3
1206	1
1209	1
121	169
1211	2
1212	1
1215	1
1216	1
1217	1
1218	2
1219	1
122	201
1220	2
1222	1
1225	2
1226	1
1227	1
123	168
1230	1
1232	1
1234	1
1238	1
1239	1
124	178
1241	1
1242	1
1243	1
1248	1
125	191
1250	3
1254	1
1258	2
1259	1
126	180
1261	1
1267	1
1269	1
127	161
1277	1
128	141
1280	1
1281	1
1282	1
1284	1
12870	1
1289	2
129	146
1295	1
1296	1
13	6957
130	177
1309	1
131	162
1315	1
1316	1
132	189
1320	1
1322	1
1324	1
1325	1
1326	1
133	177
1333	1
1339	1
134	160
1340	2
1342	3
1345	1
1349	2
135	151
1350	1
1351	1
1359	2
136	142
1361	2
1365	1
1367	1
1368	2
137	164
1370	1
1371	1
1374	1
138	156
1382	1
139	166
1390	1
1392	2
1397	1
14	6153
140	131
1404	1
1408	1
1409	1
141	121
1410	1
1412	1
1413	1
1414	1
1418	1
1419	1
142	140
1420	1
1422	1
1424	1
143	142
1431	1
144	122
1443	1
1445	1
145	121
1451	2
146	137
1465	1
1468	1
1469	1
147	132
1471	1
1475	1
1478	2
148	137
14815	1
149	115
1491	1
15	5438
150	128
151	121
1518	1
152	126
1522	1
1523	1
1526	1
153	100
1534	1
154	123
1540	1
1548	1
155	107
1556	1
156	122
1563	2
1564	1
1569	1
157	122
1575	1
158	102
1580	1
1582	1
1585	2
1588	1
1589	1
159	101
1596	1
16	4907
160	114
1607	1
161	113
1614	1
1616	1
1618	1
162	116
1622	1
1624	1
163	111
1631	1
1634	1
164	92
1647	1
165	106
1650	1
166	114
167	83
1674	1
168	109
1689	1
169	96
17	4397
170	106
1705	1
171	91
1710	1
172	88
173	87
1732	1
1738	2
174	97
175	98
1751	1
176	115
1762	1
1765	1
1766	1
177	101
1771	1
178	86
1789	1
179	75
1796	3
1798	1
18	4042
180	79
181	85
182	82
1823	1
1829	1
183	85
1830	1
184	79
185	75
186	73
187	65
1878	1
188	66
189	66
19	3559
190	84
1904	1
191	74
1910	1
1915	1
192	78
1925	1
193	74
1935	1
1936	1
194	79
1940	2
1942	1
195	67
1958	1
196	71
197	64
198	69
199	67
2	180399
20	3389
200	81
2000	1
201	66
2012	1
202	69
203	54
2036	1
204	51
205	60
2059	1
206	63
2068	1
207	65
2075	1
2078	1
208	70
209	67
21	3022
210	66
211	63
212	65
2125	1
2129	1
213	66
2135	1
214	54
215	46
216	54
2165	1
2168	1
217	49
2177	1
218	43
219	57
2199	1
22	2758
220	54
2201	1
2204	1
221	48
2211	1
222	56
223	72
224	49
225	62
226	37
2267	1
227	53
228	38
229	45
23	2653
230	53
2304	1
231	57
232	59
2328	1
2329	1
233	44
234	61
235	61
2357	1
236	41
237	52
2375	1
238	28
239	45
24	2433
240	45
241	39
2411	1
242	43
243	36
244	51
2442	1
245	32
246	46
2461	1
247	36
2471	1
2477	2
248	36
2480	1
249	39
2498	1
2499	1
25	2363
250	41
251	29
252	39
2525	1
253	40
254	42
255	36
2557	1
2558	1
256	39
257	27
258	33
259	38
2591	1
26	2189
260	25
261	39
2610	1
262	45
263	37
264	31
2646	1
265	34
266	23
2665	1
267	34
268	27
269	35
27	2152
270	22
271	35
2710	1
2716	1
272	32
2729	1
273	32
274	26
2740	1
275	32
2757	1
276	43
277	41
278	32
279	43
28	1953
280	35
2809	1
281	44
282	32
2824	1
283	24
284	29
285	21
2856	1
286	27
287	34
288	18
289	31
2895	1
29	1811
290	27
291	19
292	23
293	26
2930	2
2935	1
294	28
295	38
296	22
2966	1
297	21
298	25
2986	1
299	29
2992	1
2999	1
3	95787
30	1760
300	24
3007	1
301	27
302	21
303	33
3033	1
304	32
305	18
306	35
307	11
308	25
309	15
3093	1
31	1693
310	28
311	15
312	22
313	24
314	26
315	21
316	18
317	17
318	29
319	24
32	1595
320	23
3205	1
321	25
322	13
323	29
324	27
325	24
326	22
3260	1
327	25
328	18
329	20
33	1525
330	18
3308	1
331	23
332	22
333	24
334	26
335	22
336	22
337	21
338	13
339	30
34	1508
340	5
341	20
342	23
343	21
344	22
3447	1
345	22
346	21
347	15
348	21
349	13
3493	1
3495	1
35	1343
350	23
351	21
352	24
353	19
354	9
355	20
356	17
357	17
358	23
359	23
36	1318
360	23
3600	1
361	18
362	16
363	15
364	19
365	11
366	12
367	16
368	24
369	13
37	1235
370	11
371	13
372	14
3726	1
373	15
374	16
3747	1
375	13
376	15
377	19
378	18
379	20
38	1222
380	18
381	15
382	23
383	14
384	18
385	18
386	10
387	8
388	16
389	15
39	1148
390	15
391	10
392	14
393	13
3938	1
394	14
395	20
3954	1
396	11
397	12
398	16
399	10
4	59348
40	1139
400	11
401	8
402	13
403	8
4031	1
404	13
405	17
406	11
407	8
408	13
409	11
41	1102
410	12
411	14
412	11
4122	1
413	12
414	16
415	12
416	12
417	14
4177	1
418	9
419	14
42	1006
420	12
4202	1
421	13
422	12
423	6
424	11
425	8
426	11
427	9
428	9
429	13
43	1067
430	12
431	10
432	14
4325	1
433	15
434	11
4345	1
435	14
436	19
437	13
438	10
439	7
44	1023
440	18
441	14
442	14
4421	1
443	10
444	7
445	9
446	5
447	12
448	13
449	9
45	902
450	7
451	8
452	12
453	12
4533	1
454	7
455	6
456	13
457	8
458	8
459	10
46	952
460	13
461	10
462	6
463	11
4634	1
464	11
4649	1
465	18
466	10
467	17
468	13
469	9
4699	1
47	874
470	10
471	8
472	10
473	8
4733	1
474	7
475	4
476	4
477	14
478	3
479	3
48	906
480	6
481	11
482	5
483	11
484	13
485	8
486	7
487	14
488	6
489	12
49	844
490	8
491	8
492	15
493	8
4937	1
494	12
495	4
496	7
497	11
498	8
499	11
5	40627
50	813
500	9
501	13
502	9
503	9
504	4
505	5
506	8
507	6
508	9
509	4
51	798
510	4
511	6
512	3
513	12
514	8
515	12
5150	1
516	10
517	6
518	5
519	5
52	743
520	5
521	10
522	4
523	5
524	6
525	10
526	4
527	8
528	4
529	9
53	701
530	5
531	4
532	7
533	3
534	7
535	6
536	1
537	6
538	8
539	5
54	703
540	10
541	8
542	2
543	9
544	8
545	4
546	7
547	2
548	10
549	4
55	701
550	10
551	7
552	6
553	5
554	8
555	7
556	5
557	6
558	1
559	5
56	665
560	6
561	2
562	6
563	6
5631	1
564	4
565	5
566	6
567	6
568	7
569	9
57	671
570	5
571	3
572	3
573	2
574	5
575	5
576	6
577	4
578	6
579	5
58	621
580	3
581	5
582	2
583	8
584	5
585	3
586	6
587	5
588	3
589	5
59	657
590	9
591	6
592	2
593	6
594	5
595	10
596	5
597	2
598	4
599	7
6	29331
60	572
600	3
601	3
602	3
603	7
604	6
6045	1
605	4
606	4
607	8
608	4
609	2
61	593
611	6
612	3
613	5
614	6
615	3
616	6
617	5
618	5
619	4
62	606
620	1
621	4
622	4
623	9
624	3
625	4
626	3
627	2
628	3
629	8
63	534
630	4
631	6
632	7
633	6
634	2
635	2
636	2
637	2
638	8
639	6
64	541
640	6
641	3
642	2
643	6
644	2
645	2
646	5
647	7
648	3
649	6
65	523
650	4
651	4
652	2
653	3
654	5
655	6
656	5
657	5
658	4
659	7
66	508
660	5
661	3
662	4
663	4
664	5
665	5
666	5
667	8
668	5
669	6
67	510
670	4
671	6
672	5
673	4
674	5
675	3
676	2
677	2
678	5
679	6
68	532
680	3
681	6
682	2
683	5
684	5
685	4
686	6
687	7
688	1
689	1
69	467
690	5
691	3
692	3
693	4
694	4
695	3
696	8
697	4
698	7
699	5
7	22122
70	476
700	6
701	4
702	5
703	4
704	6
705	5
706	3
707	3
708	3
709	5
71	483
710	8
711	3
712	1
713	4
714	3
715	5
716	3
717	6
718	7
719	3
72	479
720	2
721	4
722	8
723	5
724	4
725	2
726	3
727	5
729	3
73	436
730	6
731	3
732	4
733	4
734	5
735	6
736	1
737	8
738	1
739	6
74	394
740	7
741	5
742	5
743	7
744	3
745	4
746	4
747	3
748	3
749	9
75	409
750	8
751	6
752	7
753	4
754	2
755	4
756	4
759	2
76	432
760	1
761	6
762	6
763	3
764	1
765	3
766	1
767	2
768	3
769	1
77	426
770	1
771	2
772	4
773	4
774	2
776	1
777	1
778	3
779	3
78	381
780	2
781	2
782	1
783	2
784	2
785	1
786	1
787	5
789	3
79	385
790	1
792	5
793	5
795	2
796	5
798	1
799	3
8	16965
80	411
800	1
802	2
803	1
804	3
805	1
806	4
807	2
808	5
809	2
81	375
810	1
811	3
812	3
814	4
815	2
817	4
818	1
819	3
82	401
820	3
821	2
822	1
823	2
824	2
825	1
826	3
827	1
828	1
829	2
83	354
830	2
833	1
834	1
835	2
836	1
837	2
84	375
840	1
841	2
842	2
843	3
844	1
846	5
847	1
848	1
849	3
85	359
850	2
851	1
852	2
853	2
854	1
855	2
856	1
86	340
860	1
861	2
862	2
863	3
864	2
865	1
867	3
868	2
869	1
87	318
871	1
872	3
873	1
874	1
875	3
878	1
879	2
88	328
880	1
882	2
883	3
884	2
886	1
887	2
889	2
89	333
890	1
892	3
894	2
895	1
896	1
897	3
898	1
9	14037
90	331
901	1
903	2
904	1
905	2
906	1
907	3
91	302
910	1
912	1
914	1
916	1
918	1
919	1
92	348
920	1
921	1
922	1
925	5
926	3
927	1
928	1
929	3
93	283
930	1
933	1
934	1
935	2
936	3
937	4
938	1
94	272
940	1
942	2
9442	1
945	2
946	1
947	2
948	1
949	3
95	270
950	1
951	2
953	2
956	3
957	1
958	2
959	1
96	291
960	3
961	4
962	1
963	2
964	1
966	1
967	1
969	2
97	264
971	1
972	1
973	2
974	1
976	1
978	1
98	290
980	1
982	2
984	2
985	1
986	1
989	1
99	272
991	1
992	2
997	2
998	1
